{"numTotalTestSuites":7,"numPassedTestSuites":7,"numFailedTestSuites":0,"numPendingTestSuites":0,"numTotalTests":21,"numPassedTests":19,"numFailedTests":2,"numPendingTests":0,"numTodoTests":0,"startTime":1761174829584,"success":false,"testResults":[{"assertionResults":[{"ancestorTitles":["","Content Generation Services","Message Personalization Service"],"fullName":" Content Generation Services Message Personalization Service should generate personalized messages","status":"passed","title":"should generate personalized messages","duration":9,"failureMessages":[]},{"ancestorTitles":["","Content Generation Services","Message Personalization Service"],"fullName":" Content Generation Services Message Personalization Service should handle different message types","status":"passed","title":"should handle different message types","duration":3,"failureMessages":[]},{"ancestorTitles":["","Content Generation Services","Message Personalization Service"],"fullName":" Content Generation Services Message Personalization Service should provide template management","status":"passed","title":"should provide template management","duration":1,"failureMessages":[]},{"ancestorTitles":["","Content Generation Services","Content Idea Generator Service"],"fullName":" Content Generation Services Content Idea Generator Service should generate content ideas","status":"passed","title":"should generate content ideas","duration":19,"failureMessages":[]},{"ancestorTitles":["","Content Generation Services","Content Idea Generator Service"],"fullName":" Content Generation Services Content Idea Generator Service should analyze idea performance","status":"passed","title":"should analyze idea performance","duration":2,"failureMessages":[]},{"ancestorTitles":["","Content Generation Services","Content Idea Generator Service"],"fullName":" Content Generation Services Content Idea Generator Service should handle brainstorming requests","status":"passed","title":"should handle brainstorming requests","duration":2,"failureMessages":[]},{"ancestorTitles":["","Content Generation Services","Caption and Hashtag Generator Service"],"fullName":" Content Generation Services Caption and Hashtag Generator Service should generate captions","status":"passed","title":"should generate captions","duration":7,"failureMessages":[]},{"ancestorTitles":["","Content Generation Services","Caption and Hashtag Generator Service"],"fullName":" Content Generation Services Caption and Hashtag Generator Service should generate hashtag suggestions","status":"passed","title":"should generate hashtag suggestions","duration":1,"failureMessages":[]},{"ancestorTitles":["","Content Generation Services","Caption and Hashtag Generator Service"],"fullName":" Content Generation Services Caption and Hashtag Generator Service should analyze caption trends","status":"passed","title":"should analyze caption trends","duration":1,"failureMessages":[]},{"ancestorTitles":["","Content Generation Services","Unified Content Generation Service"],"fullName":" Content Generation Services Unified Content Generation Service should generate messages through unified interface","status":"passed","title":"should generate messages through unified interface","duration":1,"failureMessages":[]},{"ancestorTitles":["","Content Generation Services","Unified Content Generation Service"],"fullName":" Content Generation Services Unified Content Generation Service should generate ideas through unified interface","status":"passed","title":"should generate ideas through unified interface","duration":1,"failureMessages":[]},{"ancestorTitles":["","Content Generation Services","Unified Content Generation Service"],"fullName":" Content Generation Services Unified Content Generation Service should generate captions through unified interface","status":"passed","title":"should generate captions through unified interface","duration":0,"failureMessages":[]},{"ancestorTitles":["","Content Generation Services","Unified Content Generation Service"],"fullName":" Content Generation Services Unified Content Generation Service should generate hashtags through unified interface","status":"passed","title":"should generate hashtags through unified interface","duration":0,"failureMessages":[]},{"ancestorTitles":["","Content Generation Services","Unified Content Generation Service"],"fullName":" Content Generation Services Unified Content Generation Service should generate comprehensive content package","status":"passed","title":"should generate comprehensive content package","duration":1,"failureMessages":[]},{"ancestorTitles":["","Content Generation Services","Unified Content Generation Service"],"fullName":" Content Generation Services Unified Content Generation Service should handle batch processing","status":"passed","title":"should handle batch processing","duration":1,"failureMessages":[]},{"ancestorTitles":["","Content Generation Services","Unified Content Generation Service"],"fullName":" Content Generation Services Unified Content Generation Service should handle errors gracefully","status":"passed","title":"should handle errors gracefully","duration":0,"failureMessages":[]},{"ancestorTitles":["","Content Generation Services","Unified Content Generation Service"],"fullName":" Content Generation Services Unified Content Generation Service should optimize content strategy","status":"passed","title":"should optimize content strategy","duration":0,"failureMessages":[]},{"ancestorTitles":["","Content Generation Services","Unified Content Generation Service"],"fullName":" Content Generation Services Unified Content Generation Service should perform health checks","status":"passed","title":"should perform health checks","duration":2,"failureMessages":[]},{"ancestorTitles":["","Content Generation Services","Performance and Edge Cases"],"fullName":" Content Generation Services Performance and Edge Cases should handle empty or minimal input gracefully","status":"failed","title":"should handle empty or minimal input gracefully","duration":1,"failureMessages":["expected NaN to be greater than or equal to 0"],"location":{"line":458,"column":43}},{"ancestorTitles":["","Content Generation Services","Performance and Edge Cases"],"fullName":" Content Generation Services Performance and Edge Cases should handle concurrent requests","status":"passed","title":"should handle concurrent requests","duration":1,"failureMessages":[]},{"ancestorTitles":["","Content Generation Services","Performance and Edge Cases"],"fullName":" Content Generation Services Performance and Edge Cases should validate processing times are reasonable","status":"failed","title":"should validate processing times are reasonable","duration":1,"failureMessages":["expected 0 to be greater than 0"],"location":{"line":497,"column":46}}],"startTime":1761175403359,"endTime":1761175403415,"status":"failed","message":"","name":"/Users/765h/Huntaze/tests/unit/content-generation-services.test.ts"}]}