2025-09-07T22:09:43.222Z [INFO]: # Build environment configured with Standard build compute type: 8GiB Memory, 4vCPUs, 128GB Disk Space
2025-09-07T22:09:43.835Z [INFO]: # Cloning repository: git@github.com:chrlshc/sitedepot.git
2025-09-07T22:09:53.010Z [INFO]: 
2025-09-07T22:09:53.110Z [INFO]: Cloning into 'sitedepot'...
                                 Updating files:  28% (20407/71536)Updating files:  29% (20746/71536)Updating files:  30% (21461/71536)Updating files:  31% (22177/71536)Updating files:  32% (22892/71536)Updating files:  33% (23607/71536)Updating files:  34% (24323/71536)Updating files:  35% (25038/71536)Updating files:  36% (25753/71536)Updating files:  37% (26469/71536)Updating files:  38% (27184/71536)Updating files:  39% (27900/71536)Updating files:  40% (28615/71536)Updating files:  41% (29330/71536)Updating files:  42% (30046/71536)Updating files:  43% (30761/71536)Updating files:  44% (31476/71536)Updating files:  45% (32192/71536)Updating files:  46% (32907/71536)Updating files:  46% (33612/71536)Updating files:  47% (33622/71536)Updating files:  48% (34338/71536)Updating files:  49% (35053/71536)Updating files:  50% (35768/71536)Updating files:  51% (36484/71536)Updating files:  52% (37199/71536)Updating files:  53% (37915/71536)Updating files:  54% (38630/71536)Updating files:  55% (39345/71536)Updating files:  56% (40061/71536)Updating files:  57% (40776/71536)Updating files:  58% (41491/71536)Updating files:  59% (42207/71536)Updating files:  60% (42922/71536)Updating files:  61% (43637/71536)Updating files:  62% (44353/71536)Updating files:  63% (45068/71536)Updating files:  64% (45784/71536)Updating files:  65% (46499/71536)Updating files:  66% (47214/71536)Updating files:  67% (47930/71536)Updating files:  67% (47972/71536)Updating files:  68% (48645/71536)Updating files:  69% (49360/71536)Updating files:  70% (50076/71536)Updating files:  71% (50791/71536)Updating files:  72% (51506/71536)Updating files:  73% (52222/71536)Updating files:  74% (52937/71536)Updating files:  75% (53652/71536)Updating files:  76% (54368/71536)Updating files:  77% (55083/71536)Updating files:  78% (55799/71536)Updating files:  79% (56514/71536)Updating files:  80% (57229/71536)Updating files:  81% (57945/71536)Updating files:  82% (58660/71536)Updating files:  83% (59375/71536)Updating files:  84% (60091/71536)Updating files:  85% (60806/71536)Updating files:  86% (61521/71536)Updating files:  87% (62237/71536)Updating files:  88% (62952/71536)Updating files:  89% (63668/71536)Updating files:  90% (64383/71536)Updating files:  90% (64955/71536)Updating files:  91% (65098/71536)Updating files:  92% (65814/71536)Updating files:  93% (66529/71536)Updating files:  94% (67244/71536)Updating files:  95% (67960/71536)Updating files:  96% (68675/71536)Updating files:  97% (69390/71536)Updating files:  98% (70106/71536)Updating files:  99% (70821/71536)Updating files: 100% (71536/71536)Updating files: 100% (71536/71536), done.
2025-09-07T22:09:53.110Z [INFO]: # Switching to commit: e0825d747a198aca3114d32006ee27826cf29874
2025-09-07T22:09:53.259Z [INFO]: Note: switching to 'e0825d747a198aca3114d32006ee27826cf29874'.
                                 You are in 'detached HEAD' state. You can look around, make experimental
                                 changes and commit them, and you can discard any commits you make in this
                                 state without impacting any branches by switching back to a branch.
                                 If you want to create a new branch to retain commits you create, you may
                                 do so (now or later) by using -c with the switch command. Example:
                                 git switch -c <new-branch-name>
                                 Or undo this operation with:
                                 git switch -
                                 Turn off this advice by setting config variable advice.detachedHead to false
                                 HEAD is now at e0825d74 fix(build): satisfy Next/Image src typing with explicit cast in DeviceMockup
2025-09-07T22:09:53.356Z [INFO]: Successfully cleaned up Git credentials
2025-09-07T22:09:53.356Z [INFO]: # Checking for Git submodules at: /codebuild/output/src1654084204/src/sitedepot/.gitmodules
2025-09-07T22:09:53.366Z [INFO]: # Retrieving environment cache...
2025-09-07T22:09:53.406Z [WARNING]: ! Unable to write cache: {"code":"ERR_BAD_REQUEST","message":"Request failed with status code 404"})}
2025-09-07T22:09:53.406Z [INFO]: ---- Setting Up SSM Secrets ----
2025-09-07T22:09:53.406Z [INFO]: SSM params {"Path":"/amplify/d3jljx9im79str/main/","WithDecryption":true}
2025-09-07T22:09:53.454Z [WARNING]: !Failed to set up process.env.secrets
2025-09-07T22:09:54.144Z [INFO]: # No package override configuration found.
2025-09-07T22:09:54.147Z [INFO]: # Retrieving cache...
2025-09-07T22:10:05.754Z [INFO]: # Extracting cache...
2025-09-07T22:10:16.246Z [INFO]: # Extraction completed
2025-09-07T22:10:16.443Z [INFO]: # Retrieved cache
2025-09-07T22:10:21.189Z [INFO]: ## Starting Backend Build
                                 ## Checking for associated backend environment...
                                 ## No backend environment association found, continuing...
                                 ## Completed Backend Build
2025-09-07T22:10:21.194Z [INFO]: {"backendDuration": 0}
                                 ## Starting Frontend Build
                                 # Starting phase: preBuild
                                 # Executing command: nvm use 20 || echo "Using default Node"
2025-09-07T22:10:28.577Z [INFO]: Now using node v20.19.0 (npm v10.8.2)
2025-09-07T22:10:28.581Z [INFO]: # Executing command: npm ci
2025-09-07T22:10:53.304Z [INFO]: added 440 packages, and audited 441 packages in 25s
2025-09-07T22:10:53.309Z [INFO]: 69 packages are looking for funding
                                 run `npm fund` for details
                                 found 0 vulnerabilities
2025-09-07T22:10:53.330Z [INFO]: # Completed phase: preBuild
                                 # Starting phase: build
2025-09-07T22:10:53.330Z [INFO]: # Executing command: export NEXT_PUBLIC_APP_URL=https://huntaze.com
                                 # Executing command: export NEXT_PUBLIC_API_URL=https://api.huntaze.com/api
                                 # Executing command: export NEXT_DISABLE_ESLINT=1
                                 # Executing command: export NEXT_PRIVATE_SKIP_TYPECHECK=true
                                 # Executing command: export NEXT_TELEMETRY_DISABLED=1
                                 # Executing command: npm run build
2025-09-07T22:10:53.474Z [INFO]: > huntaze-site@1.0.0 build
                                 > node scripts/validate-env.js && next build
2025-09-07T22:10:54.158Z [INFO]: â–² Next.js 14.2.32
2025-09-07T22:10:54.159Z [INFO]: - Experiments (use with caution):
2025-09-07T22:10:54.159Z [INFO]: Â· optimizeCss
2025-09-07T22:10:54.183Z [INFO]: Creating an optimized production build ...
2025-09-07T22:11:25.394Z [INFO]: âœ“ Compiled successfully
2025-09-07T22:11:25.398Z [INFO]: Linting and checking validity of types ...
2025-09-07T22:11:55.905Z [WARNING]: Failed to compile.
2025-09-07T22:11:55.909Z [WARNING]: ./components/sections/en/DeviceMockup.tsx:58:42
                                    Type error: Type 'string | undefined' is not assignable to type 'string'.
                                    Type 'undefined' is not assignable to type 'string'.
                                    [0m [90m 56 |[39m           ) [33m:[39m ([0m
                                    [0m [90m 57 |[39m             src [33m?[39m ([0m
                                    [0m[31m[1m>[22m[39m[90m 58 |[39m               [33m<[39m[33mImage[39m src[33m=[39m{src [36mas[39m string} alt[33m=[39m{alt} fill className[33m=[39m[32m"object-cover"[39m sizes[33m=[39m[32m"(max-width: 768px) 260px, 300px"[39m [33m/[39m[33m>[39m[0m
                                    [0m [90m    |[39m                                          [31m[1m^[22m[39m[0m
                                    [0m [90m 59 |[39m             ) [33m:[39m [36mnull[39m[0m
                                    [0m [90m 60 |[39m           )}[0m
                                    [0m [90m 61 |[39m         [33m<[39m[33m/[39m[33mdiv[39m[33m>[39m[0m
2025-09-07T22:11:55.955Z [WARNING]: Next.js build worker exited with code: 1 and signal: null
2025-09-07T22:11:56.026Z [ERROR]: !!! Build failed
2025-09-07T22:11:56.026Z [INFO]: Please read more about Amplify Hosting's support for SSR frameworks to find if your build failure is related to an unsupported feature: https://docs.aws.amazon.com/amplify/latest/userguide/amplify-ssr-framework-support.html. You may also find this troubleshooting guide useful: https://docs.aws.amazon.com/amplify/latest/userguide/troubleshooting-ssr-deployment.html
2025-09-07T22:11:56.026Z [ERROR]: !!! Error: Command failed with exit code 1
2025-09-07T22:11:56.026Z [INFO]: # Starting environment caching...
2025-09-07T22:11:56.027Z [INFO]: # Environment caching completed

